[03Juli2026 17:26:40.664] [main/INFO] [cpw.mods.modlauncher.Launcher/MODLAUNCHER]: ModLauncher running: args [--launchTarget, forgeclientdev, --version, 21.1.219, --assetIndex, 17, --assetsDir, C:\\Users\\trs13\\.gradle\\caches\\neoformruntime\\assets, --gameDir, ., --fml.fmlVersion, 4.0.42, --fml.mcVersion, 1.21.1, --fml.neoForgeVersion, 21.1.219, --fml.neoFormVersion, 20240808.144430]
[03Juli2026 17:26:40.667] [main/INFO] [cpw.mods.modlauncher.Launcher/MODLAUNCHER]: JVM identified as Microsoft OpenJDK 64-Bit Server VM 21.0.11+10-LTS
[03Juli2026 17:26:40.670] [main/INFO] [cpw.mods.modlauncher.Launcher/MODLAUNCHER]: ModLauncher 11.0.5+main.901c6ea8 starting: java version 21.0.11 by Microsoft; OS Windows 11 arch amd64 version 10.0
[03Juli2026 17:26:40.779] [main/INFO] [net.neoforged.fml.loading.ImmediateWindowHandler/]: Loading ImmediateWindowProvider fmlearlywindow
[03Juli2026 17:26:41.079] [main/INFO] [EARLYDISPLAY/]: Trying GL version 4.6
[03Juli2026 17:26:41.401] [main/INFO] [EARLYDISPLAY/]: Requested GL version 4.6 got version 4.6
[03Juli2026 17:26:41.698] [main/INFO] [mixin/]: SpongePowered MIXIN Subsystem Version=0.8.7 Source=union:/C:/Users/trs13/.gradle/caches/modules-2/files-2.1/net.fabricmc/sponge-mixin/0.15.2+mixin.0.8.7/2af2f021d8e02a0220dc27a7a72b4666d66d44ca/sponge-mixin-0.15.2+mixin.0.8.7.jar%23138!/ Service=ModLauncher Env=CLIENT
[03Juli2026 17:26:41.917] [pool-2-thread-1/INFO] [EARLYDISPLAY/]: GL info: NVIDIA GeForce RTX 3070/PCIe/SSE2 GL version 4.6.0 NVIDIA 596.49, NVIDIA Corporation
[03Juli2026 17:26:42.146] [main/INFO] [net.neoforged.fml.loading.moddiscovery.locators.JarInJarDependencyLocator/]: Found 2 dependencies adding them to mods collection
[03Juli2026 17:26:42.147] [main/INFO] [net.neoforged.fml.loading.moddiscovery.ModDiscoverer/]: 
     Mod List:
		Name Version (Mod Id)

		Ethan Veritas 1.0-SNAPSHOT (ethan_veritas)
		Minecraft 1.21.1 (minecraft)
		NeoForge 21.1.219 (neoforge)
[03Juli2026 17:26:43.099] [main/INFO] [cpw.mods.modlauncher.LaunchServiceHandler/MODLAUNCHER]: Launching target 'forgeclientdev' with arguments [--version, 21.1.219, --gameDir, ., --assetsDir, C:\Users\trs13\.gradle\caches\neoformruntime\assets, --assetIndex, 17]
[03Juli2026 17:26:45.447] [Datafixer Bootstrap/INFO] [com.mojang.datafixers.DataFixerBuilder/]: 229 Datafixer optimizations took 298 milliseconds
[03Juli2026 17:26:45.643] [pool-7-thread-1/INFO] [MixinExtras|Service/]: Initializing MixinExtras via com.llamalad7.mixinextras.service.MixinExtrasServiceImpl(version=0.5.0).
[03Juli2026 17:26:51.179] [main/WARN] [net.minecraft.commands.Commands/]: Ambiguity between arguments [teleport, location] and [teleport, destination] with inputs: [0.1 -0.5 .9, 0 0 0]
[03Juli2026 17:26:51.181] [main/WARN] [net.minecraft.commands.Commands/]: Ambiguity between arguments [teleport, location] and [teleport, targets] with inputs: [0.1 -0.5 .9, 0 0 0]
[03Juli2026 17:26:51.184] [main/WARN] [net.minecraft.commands.Commands/]: Ambiguity between arguments [teleport, destination] and [teleport, targets] with inputs: [Player, 0123, @e, dd12be42-52a9-4a91-a8a1-11c01849e498]
[03Juli2026 17:26:51.185] [main/WARN] [net.minecraft.commands.Commands/]: Ambiguity between arguments [teleport, targets] and [teleport, destination] with inputs: [Player, 0123, dd12be42-52a9-4a91-a8a1-11c01849e498]
[03Juli2026 17:26:51.186] [main/WARN] [net.minecraft.commands.Commands/]: Ambiguity between arguments [teleport, targets, location] and [teleport, targets, destination] with inputs: [0.1 -0.5 .9, 0 0 0]
[03Juli2026 17:26:51.314] [Render thread/WARN] [net.minecraft.server.packs.VanillaPackResourcesBuilder/]: Assets URL 'union:/C:/Users/trs13/IdeaProjects/Minecraft/Ethan%20Veritas/build/moddev/artifacts/neoforge-21.1.219.jar%23189!/assets/.mcassetsroot' uses unexpected schema
[03Juli2026 17:26:51.315] [Render thread/WARN] [net.minecraft.server.packs.VanillaPackResourcesBuilder/]: Assets URL 'union:/C:/Users/trs13/IdeaProjects/Minecraft/Ethan%20Veritas/build/moddev/artifacts/neoforge-21.1.219.jar%23189!/data/.mcassetsroot' uses unexpected schema
[03Juli2026 17:26:51.342] [Render thread/INFO] [com.mojang.authlib.yggdrasil.YggdrasilAuthenticationService/]: Environment: Environment[sessionHost=https://sessionserver.mojang.com, servicesHost=https://api.minecraftservices.com, name=PROD]
[03Juli2026 17:26:51.354] [Render thread/INFO] [net.minecraft.client.Minecraft/]: Setting user: Dev
[03Juli2026 17:26:51.447] [Render thread/INFO] [net.minecraft.client.Minecraft/]: Backend library: LWJGL version 3.3.3+5
[03Juli2026 17:26:51.678] [modloading-worker-0/INFO] [net.neoforged.neoforge.common.NeoForgeMod/NEOFORGE-MOD]: NeoForge mod loading, version 21.1.219, for MC 1.21.1
[03Juli2026 17:26:52.566] [Render thread/INFO] [net.neoforged.neoforge.gametest.GameTestHooks/]: Enabled Gametest Namespaces: [ethan_veritas]
[03Juli2026 17:26:52.744] [Render thread/INFO] [net.minecraft.server.packs.resources.ReloadableResourceManager/]: Reloading ResourceManager: vanilla, mod_resources, mod/ethan_veritas, mod/neoforge
[03Juli2026 17:26:52.754] [Worker-Main-1/INFO] [com.timstefan.ethan_veritas.Ethan_veritas/]: HELLO FROM COMMON SETUP
[03Juli2026 17:26:52.754] [Worker-Main-1/INFO] [com.timstefan.ethan_veritas.Ethan_veritas/]: DIRT BLOCK >> minecraft:dirt
[03Juli2026 17:26:52.754] [Worker-Main-1/INFO] [com.timstefan.ethan_veritas.Ethan_veritas/]: The magic number is... 42
[03Juli2026 17:26:52.754] [Worker-Main-1/INFO] [com.timstefan.ethan_veritas.Ethan_veritas/]: ITEM >> minecraft:iron_ingot
[03Juli2026 17:26:52.852] [Worker-Main-5/INFO] [net.minecraft.client.gui.font.providers.UnihexProvider/]: Found unifont_all_no_pua-15.1.05.hex, loading
[03Juli2026 17:26:52.978] [Worker-Main-2/INFO] [net.minecraft.client.gui.font.providers.UnihexProvider/]: Found unifont_jp_patch-15.1.05.hex, loading
[03Juli2026 17:26:52.993] [Worker-Main-9/INFO] [com.timstefan.ethan_veritas.Ethan_veritas/]: HELLO FROM CLIENT SETUP
[03Juli2026 17:26:52.993] [Worker-Main-9/INFO] [com.timstefan.ethan_veritas.Ethan_veritas/]: MINECRAFT NAME >> Dev
[03Juli2026 17:26:53.736] [Worker-Main-2/WARN] [net.minecraft.client.resources.model.BlockStateModelLoader/]: Exception loading blockstate definition: 'ethan_veritas:blockstates/example_block.json' missing model for variant: 'ethan_veritas:example_block#'
[03Juli2026 17:26:53.739] [Worker-Main-2/WARN] [net.minecraft.client.resources.model.ModelBakery/]: Unable to load model: 'ethan_veritas:item/example_item' referenced from: ethan_veritas:item/example_item: java.io.FileNotFoundException: ethan_veritas:models/item/example_item.json
[03Juli2026 17:26:53.741] [Worker-Main-2/WARN] [net.minecraft.client.resources.model.ModelBakery/]: Unable to load model: 'ethan_veritas:item/example_block' referenced from: ethan_veritas:item/example_block: java.io.FileNotFoundException: ethan_veritas:models/item/example_block.json
[03Juli2026 17:26:54.514] [Render thread/WARN] [net.minecraft.client.sounds.SoundEngine/]: Missing sound for event: minecraft:item.goat_horn.play
[03Juli2026 17:26:54.515] [Render thread/WARN] [net.minecraft.client.sounds.SoundEngine/]: Missing sound for event: minecraft:entity.goat.screaming.horn_break
[03Juli2026 17:26:54.825] [Render thread/INFO] [com.mojang.blaze3d.audio.Library/]: OpenAL initialized on device OpenAL Soft on Lautsprecher (Focusrite USB Audio)
[03Juli2026 17:26:54.826] [Render thread/INFO] [net.minecraft.client.sounds.SoundEngine/SOUNDS]: Sound engine started
[03Juli2026 17:26:54.950] [Render thread/INFO] [net.minecraft.client.renderer.texture.TextureAtlas/]: Created: 1024x512x4 minecraft:textures/atlas/blocks.png-atlas
[03Juli2026 17:26:54.959] [Render thread/INFO] [net.minecraft.client.renderer.texture.TextureAtlas/]: Created: 256x256x4 minecraft:textures/atlas/signs.png-atlas
[03Juli2026 17:26:54.960] [Render thread/INFO] [net.minecraft.client.renderer.texture.TextureAtlas/]: Created: 512x512x4 minecraft:textures/atlas/shield_patterns.png-atlas
[03Juli2026 17:26:54.960] [Render thread/INFO] [net.minecraft.client.renderer.texture.TextureAtlas/]: Created: 512x512x4 minecraft:textures/atlas/banner_patterns.png-atlas
[03Juli2026 17:26:54.960] [Render thread/INFO] [net.minecraft.client.renderer.texture.TextureAtlas/]: Created: 1024x1024x4 minecraft:textures/atlas/armor_trims.png-atlas
[03Juli2026 17:26:54.963] [Render thread/INFO] [net.minecraft.client.renderer.texture.TextureAtlas/]: Created: 256x256x4 minecraft:textures/atlas/chest.png-atlas
[03Juli2026 17:26:54.963] [Render thread/INFO] [net.minecraft.client.renderer.texture.TextureAtlas/]: Created: 128x64x4 minecraft:textures/atlas/decorated_pot.png-atlas
[03Juli2026 17:26:54.963] [Render thread/INFO] [net.minecraft.client.renderer.texture.TextureAtlas/]: Created: 512x256x4 minecraft:textures/atlas/beds.png-atlas
[03Juli2026 17:26:54.963] [Render thread/INFO] [net.minecraft.client.renderer.texture.TextureAtlas/]: Created: 512x256x4 minecraft:textures/atlas/shulker_boxes.png-atlas
[03Juli2026 17:26:55.168] [Render thread/INFO] [net.minecraft.client.renderer.texture.TextureAtlas/]: Created: 512x256x0 minecraft:textures/atlas/particles.png-atlas
[03Juli2026 17:26:55.169] [Render thread/INFO] [net.minecraft.client.renderer.texture.TextureAtlas/]: Created: 512x256x0 minecraft:textures/atlas/paintings.png-atlas
[03Juli2026 17:26:55.169] [Render thread/INFO] [net.minecraft.client.renderer.texture.TextureAtlas/]: Created: 256x128x0 minecraft:textures/atlas/mob_effects.png-atlas
[03Juli2026 17:26:55.169] [Render thread/INFO] [net.minecraft.client.renderer.texture.TextureAtlas/]: Created: 64x64x0 minecraft:textures/atlas/map_decorations.png-atlas
[03Juli2026 17:26:55.169] [Render thread/INFO] [net.minecraft.client.renderer.texture.TextureAtlas/]: Created: 1024x512x0 minecraft:textures/atlas/gui.png-atlas
[03Juli2026 17:26:55.316] [Render thread/WARN] [net.minecraft.client.renderer.ShaderInstance/]: Shader rendertype_entity_translucent_emissive could not find sampler named Sampler2 in the specified shader program.
[03Juli2026 17:26:55.639] [Render thread/INFO] [net.neoforged.neoforge.client.entity.animation.json.AnimationLoader/]: Loaded 0 entity animations
[03Juli2026 17:27:12.241] [Render thread/INFO] [net.minecraft.world.item.crafting.RecipeManager/]: Loaded 1290 recipes
[03Juli2026 17:27:12.416] [Render thread/INFO] [net.minecraft.advancements.AdvancementTree/]: Loaded 1399 advancements
[03Juli2026 17:27:22.964] [Server thread/INFO] [net.minecraft.client.server.IntegratedServer/]: Starting integrated minecraft server version 1.21.1
[03Juli2026 17:27:22.964] [Server thread/INFO] [net.minecraft.server.MinecraftServer/]: Generating keypair
[03Juli2026 17:27:26.097] [Server thread/INFO] [net.minecraft.server.MinecraftServer/]: Preparing start region for dimension minecraft:overworld
[03Juli2026 17:27:26.135] [progressListener/INFO] [net.minecraft.server.level.progress.LoggerChunkProgressListener/]: Preparing spawn area: 2%
[03Juli2026 17:27:26.647] [progressListener/INFO] [net.minecraft.server.level.progress.LoggerChunkProgressListener/]: Preparing spawn area: 2%
[03Juli2026 17:27:27.170] [progressListener/INFO] [net.minecraft.server.level.progress.LoggerChunkProgressListener/]: Preparing spawn area: 2%
[03Juli2026 17:27:27.624] [progressListener/INFO] [net.minecraft.server.level.progress.LoggerChunkProgressListener/]: Preparing spawn area: 18%
[03Juli2026 17:27:28.679] [progressListener/INFO] [net.minecraft.server.level.progress.LoggerChunkProgressListener/]: Preparing spawn area: 20%
[03Juli2026 17:27:28.679] [progressListener/INFO] [net.minecraft.server.level.progress.LoggerChunkProgressListener/]: Preparing spawn area: 20%
[03Juli2026 17:27:29.120] [progressListener/INFO] [net.minecraft.server.level.progress.LoggerChunkProgressListener/]: Preparing spawn area: 51%
[03Juli2026 17:27:29.621] [progressListener/INFO] [net.minecraft.server.level.progress.LoggerChunkProgressListener/]: Preparing spawn area: 63%
[03Juli2026 17:27:29.689] [Server thread/INFO] [net.neoforged.neoforge.server.permission.PermissionAPI/]: Successfully initialized permission handler neoforge:default_handler
[03Juli2026 17:27:29.690] [Server thread/INFO] [com.timstefan.ethan_veritas.Ethan_veritas/]: HELLO from server starting
[03Juli2026 17:27:29.698] [progressListener/INFO] [net.minecraft.server.level.progress.LoggerChunkProgressListener/]: Time elapsed: 3582 ms
[03Juli2026 17:27:29.723] [Server thread/INFO] [net.minecraft.client.server.IntegratedServer/]: Changing view distance to 12, from 10
[03Juli2026 17:27:29.723] [Server thread/INFO] [net.minecraft.client.server.IntegratedServer/]: Changing simulation distance to 12, from 0
[03Juli2026 17:27:30.389] [Server thread/INFO] [net.minecraft.server.players.PlayerList/]: Dev[local:E:588e65ea] logged in with entity id 14 at (-7.5, 100.0, 8.5)
[03Juli2026 17:27:30.465] [Server thread/INFO] [net.minecraft.server.MinecraftServer/]: Dev joined the game
[03Juli2026 17:27:30.592] [Render thread/INFO] [net.minecraft.advancements.AdvancementTree/]: Loaded 2 advancements
[03Juli2026 17:27:43.969] [Render thread/INFO] [net.minecraft.advancements.AdvancementTree/]: Loaded 22 advancements
[03Juli2026 17:27:48.391] [Server thread/INFO] [net.minecraft.client.server.IntegratedServer/]: Saving and pausing game...
[03Juli2026 17:27:48.417] [Server thread/INFO] [net.minecraft.server.MinecraftServer/]: Saving chunks for level 'ServerLevel[Test]'/minecraft:overworld
[03Juli2026 17:27:48.440] [Server thread/INFO] [net.minecraft.server.MinecraftServer/]: Saving chunks for level 'ServerLevel[Test]'/minecraft:the_nether
[03Juli2026 17:27:48.440] [Server thread/INFO] [net.minecraft.server.MinecraftServer/]: Saving chunks for level 'ServerLevel[Test]'/minecraft:the_end
[03Juli2026 17:30:32.152] [Server thread/INFO] [net.minecraft.server.network.ServerGamePacketListenerImpl/]: Dev lost connection: Disconnected
[03Juli2026 17:30:32.153] [Server thread/INFO] [net.minecraft.server.MinecraftServer/]: Dev left the game
[03Juli2026 17:30:32.163] [Server thread/INFO] [net.minecraft.server.network.ServerCommonPacketListenerImpl/]: Stopping singleplayer server as player logged out
[03Juli2026 17:30:32.192] [Server thread/INFO] [net.minecraft.server.MinecraftServer/]: Stopping server
[03Juli2026 17:30:32.192] [Server thread/INFO] [net.minecraft.server.MinecraftServer/]: Saving players
[03Juli2026 17:30:32.193] [Server thread/INFO] [net.minecraft.server.MinecraftServer/]: Saving worlds
[03Juli2026 17:30:34.574] [Server thread/INFO] [net.minecraft.server.MinecraftServer/]: Saving chunks for level 'ServerLevel[Test]'/minecraft:overworld
[03Juli2026 17:30:34.952] [Server thread/INFO] [net.minecraft.server.MinecraftServer/]: Saving chunks for level 'ServerLevel[Test]'/minecraft:the_nether
[03Juli2026 17:30:34.955] [Server thread/INFO] [net.minecraft.server.MinecraftServer/]: Saving chunks for level 'ServerLevel[Test]'/minecraft:the_end
[03Juli2026 17:30:34.962] [Server thread/INFO] [net.minecraft.server.MinecraftServer/]: ThreadedAnvilChunkStorage (Test): All chunks are saved
[03Juli2026 17:30:34.962] [Server thread/INFO] [net.minecraft.server.MinecraftServer/]: ThreadedAnvilChunkStorage (DIM-1): All chunks are saved
[03Juli2026 17:30:34.962] [Server thread/INFO] [net.minecraft.server.MinecraftServer/]: ThreadedAnvilChunkStorage (DIM1): All chunks are saved
[03Juli2026 17:30:34.962] [Server thread/INFO] [net.minecraft.server.MinecraftServer/]: ThreadedAnvilChunkStorage: All dimensions are saved
[03Juli2026 17:30:36.287] [Render thread/INFO] [net.minecraft.client.Minecraft/]: Stopping!
